Flow report for encode83
Fri Mar 18 15:59:46 2016
Quartus II Version 8.0 Build 215 05/29/2008 SJ Web Edition


---------------------
; Table of Contents ;
---------------------
  1. Legal Notice
  2. Flow Summary
  3. Flow Settings
  4. Flow Non-Default Global Settings
  5. Flow Elapsed Time
  6. Flow Log



----------------
; Legal Notice ;
----------------
Copyright (C) 1991-2008 Altera Corporation
Your use of Altera Corporation's design tools, logic functions 
and other software and tools, and its AMPP partner logic 
functions, and any output files from any of the foregoing 
(including device programming or simulation files), and any 
associated documentation or information are expressly subject 
to the terms and conditions of the Altera Program License 
Subscription Agreement, Altera MegaCore Function License 
Agreement, or other applicable license agreement, including, 
without limitation, that your use is for the sole purpose of 
programming logic devices manufactured by Altera and sold by 
Altera or its authorized distributors.  Please refer to the 
applicable agreement for further details.



+------------------------------------------------------------------------------+
; Flow Summary                                                                 ;
+------------------------------------+-----------------------------------------+
; Flow Status                        ; Successful - Fri Mar 18 15:59:46 2016   ;
; Quartus II Version                 ; 8.0 Build 215 05/29/2008 SJ Web Edition ;
; Revision Name                      ; encode83                                ;
; Top-level Entity Name              ; encode83                                ;
; Family                             ; Cyclone II                              ;
; Device                             ; EP2C5T144C8                             ;
; Timing Models                      ; Final                                   ;
; Met timing requirements            ; Yes                                     ;
; Total logic elements               ; 7 / 4,608 ( < 1 % )                     ;
;     Total combinational functions  ; 7 / 4,608 ( < 1 % )                     ;
;     Dedicated logic registers      ; 0 / 4,608 ( 0 % )                       ;
; Total registers                    ; 0                                       ;
; Total pins                         ; 11 / 89 ( 12 % )                        ;
; Total virtual pins                 ; 0                                       ;
; Total memory bits                  ; 0 / 119,808 ( 0 % )                     ;
; Embedded Multiplier 9-bit elements ; 0 / 26 ( 0 % )                          ;
; Total PLLs                         ; 0 / 2 ( 0 % )                           ;
+------------------------------------+-----------------------------------------+


+-----------------------------------------+
; Flow Settings                           ;
+-------------------+---------------------+
; Option            ; Setting             ;
+-------------------+---------------------+
; Start date & time ; 03/18/2016 15:59:41 ;
; Main task         ; Compilation         ;
; Revision Name     ; encode83            ;
+-------------------+---------------------+


+-----------------------------------------------------------------------------------------------------------------+
; Flow Non-Default Global Settings                                                                                ;
+------------------------------------+---------------------------------+---------------+-------------+------------+
; Assignment Name                    ; Value                           ; Default Value ; Entity Name ; Section Id ;
+------------------------------------+---------------------------------+---------------+-------------+------------+
; COMPILER_SIGNATURE_ID              ; 203178705445983.145828798102748 ; --            ; --          ; --         ;
; MAX_CORE_JUNCTION_TEMP             ; 85                              ; --            ; --          ; --         ;
; MIN_CORE_JUNCTION_TEMP             ; 0                               ; --            ; --          ; --         ;
; PARTITION_COLOR                    ; 14622752                        ; --            ; --          ; Top        ;
; PARTITION_NETLIST_TYPE             ; SOURCE                          ; --            ; --          ; Top        ;
; USE_GENERATED_PHYSICAL_CONSTRAINTS ; Off                             ; --            ; --          ; eda_palace ;
+------------------------------------+---------------------------------+---------------+-------------+------------+


+-----------------------------------------------------------------------------------------------------------------------------+
; Flow Elapsed Time                                                                                                           ;
+-------------------------+--------------+-------------------------+---------------------+------------------------------------+
; Module Name             ; Elapsed Time ; Average Processors Used ; Peak Virtual Memory ; Total CPU Time (on all processors) ;
+-------------------------+--------------+-------------------------+---------------------+------------------------------------+
; Analysis & Synthesis    ; 00:00:01     ; 1.0                     ; 173 MB              ; 00:00:01                           ;
; Fitter                  ; 00:00:01     ; 1.0                     ; 167 MB              ; 00:00:01                           ;
; Assembler               ; 00:00:01     ; 1.0                     ; 144 MB              ; 00:00:01                           ;
; Classic Timing Analyzer ; 00:00:00     ; 1.0                     ; 110 MB              ; 00:00:00                           ;
; Total                   ; 00:00:03     ; --                      ; --                  ; 00:00:03                           ;
+-------------------------+--------------+-------------------------+---------------------+------------------------------------+


------------
; Flow Log ;
------------
quartus_map --read_settings_files=on --write_settings_files=off encode83 -c encode83
quartus_fit --read_settings_files=off --write_settings_files=off encode83 -c encode83
quartus_asm --read_settings_files=off --write_settings_files=off encode83 -c encode83
quartus_tan --read_settings_files=off --write_settings_files=off encode83 -c encode83 --timing_analysis_only



